[
  {
    "line": 2,
    "elements": [
      {
        "line": 5,
        "name": "Open browser Service Centre page",
        "description": "",
        "type": "background",
        "keyword": "Background",
        "steps": [
          {
            "result": {
              "duration": 22934449700,
              "status": "passed"
            },
            "line": 6,
            "name": "I Open Browser Service Centre page",
            "match": {
              "location": "FeatureSearchService_StepDef.I_Open_Browser_Service_Centre_page()"
            },
            "keyword": "Given "
          }
        ]
      },
      {
        "line": 16,
        "name": "Search Service NSW Location named as \u0027Marrickville Service Centre\u0027 with some suburb data",
        "description": "",
        "id": "search-service-nsw-location;search-service-nsw-location-named-as--marrickville-service-centre--with-some-suburb-data;;2",
        "type": "scenario",
        "keyword": "Scenario Outline",
        "steps": [
          {
            "result": {
              "duration": 7715550200,
              "status": "passed"
            },
            "line": 10,
            "name": "Input some suburb data Sydney 2000",
            "match": {
              "arguments": [
                {
                  "val": "Sydney 2000",
                  "offset": 23
                }
              ],
              "location": "FeatureSearchService_StepDef.Input_some_suburb_data(String)"
            },
            "keyword": "When "
          },
          {
            "result": {
              "duration": 2595048400,
              "status": "passed"
            },
            "line": 11,
            "name": "Click Search Location Button",
            "match": {
              "location": "FeatureSearchService_StepDef.Click_Search_Location_Button()"
            },
            "keyword": "And "
          },
          {
            "result": {
              "error_message": "com.kms.katalon.core.exception.StepFailedException: Verify element text of test object \u0027Object Repository/Page/Find Location Page/P_Result_Search_Location\u0027 FAILED.\r\n\tat com.kms.katalon.core.webui.keyword.internal.WebUIKeywordMain.stepFailed(WebUIKeywordMain.groovy:64)\r\n\tat com.kms.katalon.core.webui.keyword.internal.WebUIKeywordMain.runKeyword(WebUIKeywordMain.groovy:26)\r\n\tat com.kms.katalon.core.webui.keyword.builtin.VerifyElementTextKeyword.verifyElementText(VerifyElementTextKeyword.groovy:72)\r\n\tat com.kms.katalon.core.webui.keyword.builtin.VerifyElementTextKeyword.execute(VerifyElementTextKeyword.groovy:40)\r\n\tat com.kms.katalon.core.keyword.internal.KeywordExecutor.executeKeywordForPlatform(KeywordExecutor.groovy:74)\r\n\tat com.kms.katalon.core.webui.keyword.WebUiBuiltInKeywords.verifyElementText(WebUiBuiltInKeywords.groovy:4749)\r\n\tat com.kms.katalon.core.webui.keyword.WebUiBuiltInKeywords$verifyElementText$6.call(Unknown Source)\r\n\tat FeatureSearchService_StepDef.Verify_I_Get_Location_Service(FeatureSearchService_StepDef.groovy:77)\r\n\tat ✽.Verify I Get Location Service Named as \u0027Marrickville Service Centre\u0027(D:/Automation Katalon Studio/Jojonomic_Test_UIAutomation/Include/features/Feature Search Service NSW Location.feature:12)\r\nCaused by: com.kms.katalon.core.exception.StepFailedException: Actual text \u0027Wynyard Service Centre\u0027 and expected text \u0027Marrickville Service Centre\u0027 of test object \u0027Object Repository/Page/Find Location Page/P_Result_Search_Location\u0027 are NOT matched.\r\n\tat com.kms.katalon.core.webui.keyword.internal.WebUIKeywordMain.stepFailed(WebUIKeywordMain.groovy:64)\r\n\tat com.kms.katalon.core.webui.keyword.builtin.VerifyElementTextKeyword$_verifyElementText_closure1.doCall(VerifyElementTextKeyword.groovy:57)\r\n\tat com.kms.katalon.core.webui.keyword.builtin.VerifyElementTextKeyword$_verifyElementText_closure1.call(VerifyElementTextKeyword.groovy)\r\n\tat com.kms.katalon.core.webui.keyword.internal.WebUIKeywordMain.runKeyword(WebUIKeywordMain.groovy:20)\r\n\tat com.kms.katalon.core.webui.keyword.builtin.VerifyElementTextKeyword.verifyElementText(VerifyElementTextKeyword.groovy:72)\r\n\tat com.kms.katalon.core.webui.keyword.builtin.VerifyElementTextKeyword.execute(VerifyElementTextKeyword.groovy:40)\r\n\tat com.kms.katalon.core.keyword.internal.KeywordExecutor.executeKeywordForPlatform(KeywordExecutor.groovy:74)\r\n\tat com.kms.katalon.core.webui.keyword.WebUiBuiltInKeywords.verifyElementText(WebUiBuiltInKeywords.groovy:4749)\r\n\tat com.kms.katalon.core.webui.keyword.WebUiBuiltInKeywords$verifyElementText$6.call(Unknown Source)\r\n\tat FeatureSearchService_StepDef.Verify_I_Get_Location_Service(FeatureSearchService_StepDef.groovy:77)\r\n\tat cucumber.runtime.Utils$1.call(Utils.java:26)\r\n\tat cucumber.runtime.Timeout.timeout(Timeout.java:16)\r\n\tat cucumber.runtime.Utils.invoke(Utils.java:20)\r\n\tat cucumber.runtime.java.JavaStepDefinition.execute(JavaStepDefinition.java:48)\r\n\tat cucumber.runtime.PickleStepDefinitionMatch.runStep(PickleStepDefinitionMatch.java:50)\r\n\tat cucumber.runner.TestStep.executeStep(TestStep.java:68)\r\n\tat cucumber.runner.TestStep.run(TestStep.java:50)\r\n\tat cucumber.runner.PickleStepTestStep.run(PickleStepTestStep.java:53)\r\n\tat cucumber.runner.TestCase.run(TestCase.java:47)\r\n\tat cucumber.runner.Runner.runPickle(Runner.java:44)\r\n\tat cucumber.runtime.Runtime.runFeature(Runtime.java:120)\r\n\tat cucumber.runtime.Runtime.run(Runtime.java:106)\r\n\tat cucumber.api.cli.Main.run(Main.java:35)\r\n\tat cucumber.api.cli.Main$run.call(Unknown Source)\r\n\tat com.kms.katalon.core.cucumber.keyword.CucumberBuiltinKeywords$_runFeatureFile_closure1.doCall(CucumberBuiltinKeywords.groovy:108)\r\n\tat com.kms.katalon.core.cucumber.keyword.CucumberBuiltinKeywords$_runFeatureFile_closure1.doCall(CucumberBuiltinKeywords.groovy)\r\n\tat com.kms.katalon.core.keyword.internal.KeywordMain.runKeyword(KeywordMain.groovy:74)\r\n\tat com.kms.katalon.core.keyword.internal.KeywordMain.runKeyword(KeywordMain.groovy:68)\r\n\tat com.kms.katalon.core.keyword.internal.KeywordMain$runKeyword.call(Unknown Source)\r\n\tat com.kms.katalon.core.cucumber.keyword.CucumberBuiltinKeywords.runFeatureFile(CucumberBuiltinKeywords.groovy:75)\r\n\tat com.kms.katalon.core.cucumber.keyword.CucumberBuiltinKeywords$runFeatureFile$0.callStatic(Unknown Source)\r\n\tat com.kms.katalon.core.cucumber.keyword.CucumberBuiltinKeywords.runFeatureFile(CucumberBuiltinKeywords.groovy:248)\r\n\tat com.kms.katalon.core.cucumber.keyword.CucumberBuiltinKeywords$runFeatureFile.call(Unknown Source)\r\n\tat Run Feature File.run(Run Feature File:20)\r\n\tat com.kms.katalon.core.main.ScriptEngine.run(ScriptEngine.java:194)\r\n\tat com.kms.katalon.core.main.ScriptEngine.runScriptAsRawText(ScriptEngine.java:119)\r\n\tat com.kms.katalon.core.main.TestCaseExecutor.runScript(TestCaseExecutor.java:448)\r\n\tat com.kms.katalon.core.main.TestCaseExecutor.doExecute(TestCaseExecutor.java:439)\r\n\tat com.kms.katalon.core.main.TestCaseExecutor.processExecutionPhase(TestCaseExecutor.java:418)\r\n\tat com.kms.katalon.core.main.TestCaseExecutor.accessMainPhase(TestCaseExecutor.java:410)\r\n\tat com.kms.katalon.core.main.TestCaseExecutor.execute(TestCaseExecutor.java:285)\r\n\tat com.kms.katalon.core.common.CommonExecutor.accessTestCaseMainPhase(CommonExecutor.java:65)\r\n\tat com.kms.katalon.core.main.TestSuiteExecutor.accessTestSuiteMainPhase(TestSuiteExecutor.java:151)\r\n\tat com.kms.katalon.core.main.TestSuiteExecutor.execute(TestSuiteExecutor.java:106)\r\n\tat com.kms.katalon.core.main.TestCaseMain.startTestSuite(TestCaseMain.java:185)\r\n\tat com.kms.katalon.core.main.TestCaseMain$startTestSuite$0.call(Unknown Source)\r\n\tat TempTestSuite1672899178104.run(TempTestSuite1672899178104.groovy:36)\r\n",
              "duration": 5057812700,
              "status": "failed"
            },
            "line": 12,
            "name": "Verify I Get Location Service Named as \u0027Marrickville Service Centre\u0027",
            "match": {
              "location": "FeatureSearchService_StepDef.Verify_I_Get_Location_Service()"
            },
            "keyword": "Then "
          }
        ],
        "tags": [
          {
            "name": "@Positive"
          }
        ]
      },
      {
        "line": 5,
        "name": "Open browser Service Centre page",
        "description": "",
        "type": "background",
        "keyword": "Background",
        "steps": [
          {
            "result": {
              "duration": 29979666000,
              "status": "passed"
            },
            "line": 6,
            "name": "I Open Browser Service Centre page",
            "match": {
              "location": "FeatureSearchService_StepDef.I_Open_Browser_Service_Centre_page()"
            },
            "keyword": "Given "
          }
        ]
      },
      {
        "line": 17,
        "name": "Search Service NSW Location named as \u0027Marrickville Service Centre\u0027 with some suburb data",
        "description": "",
        "id": "search-service-nsw-location;search-service-nsw-location-named-as--marrickville-service-centre--with-some-suburb-data;;3",
        "type": "scenario",
        "keyword": "Scenario Outline",
        "steps": [
          {
            "result": {
              "duration": 1715653200,
              "status": "passed"
            },
            "line": 10,
            "name": "Input some suburb data Sydney South 2000",
            "match": {
              "arguments": [
                {
                  "val": "Sydney South 2000",
                  "offset": 23
                }
              ],
              "location": "FeatureSearchService_StepDef.Input_some_suburb_data(String)"
            },
            "keyword": "When "
          },
          {
            "result": {
              "duration": 781781900,
              "status": "passed"
            },
            "line": 11,
            "name": "Click Search Location Button",
            "match": {
              "location": "FeatureSearchService_StepDef.Click_Search_Location_Button()"
            },
            "keyword": "And "
          },
          {
            "result": {
              "error_message": "com.kms.katalon.core.exception.StepFailedException: Verify element text of test object \u0027Object Repository/Page/Find Location Page/P_Result_Search_Location\u0027 FAILED.\r\n\tat com.kms.katalon.core.webui.keyword.internal.WebUIKeywordMain.stepFailed(WebUIKeywordMain.groovy:64)\r\n\tat com.kms.katalon.core.webui.keyword.internal.WebUIKeywordMain.runKeyword(WebUIKeywordMain.groovy:26)\r\n\tat com.kms.katalon.core.webui.keyword.builtin.VerifyElementTextKeyword.verifyElementText(VerifyElementTextKeyword.groovy:72)\r\n\tat com.kms.katalon.core.webui.keyword.builtin.VerifyElementTextKeyword.execute(VerifyElementTextKeyword.groovy:40)\r\n\tat com.kms.katalon.core.keyword.internal.KeywordExecutor.executeKeywordForPlatform(KeywordExecutor.groovy:74)\r\n\tat com.kms.katalon.core.webui.keyword.WebUiBuiltInKeywords.verifyElementText(WebUiBuiltInKeywords.groovy:4749)\r\n\tat com.kms.katalon.core.webui.keyword.WebUiBuiltInKeywords$verifyElementText$6.call(Unknown Source)\r\n\tat FeatureSearchService_StepDef.Verify_I_Get_Location_Service(FeatureSearchService_StepDef.groovy:77)\r\n\tat ✽.Verify I Get Location Service Named as \u0027Marrickville Service Centre\u0027(D:/Automation Katalon Studio/Jojonomic_Test_UIAutomation/Include/features/Feature Search Service NSW Location.feature:12)\r\nCaused by: com.kms.katalon.core.exception.StepFailedException: Actual text \u0027Wynyard Service Centre\u0027 and expected text \u0027Marrickville Service Centre\u0027 of test object \u0027Object Repository/Page/Find Location Page/P_Result_Search_Location\u0027 are NOT matched.\r\n\tat com.kms.katalon.core.webui.keyword.internal.WebUIKeywordMain.stepFailed(WebUIKeywordMain.groovy:64)\r\n\tat com.kms.katalon.core.webui.keyword.builtin.VerifyElementTextKeyword$_verifyElementText_closure1.doCall(VerifyElementTextKeyword.groovy:57)\r\n\tat com.kms.katalon.core.webui.keyword.builtin.VerifyElementTextKeyword$_verifyElementText_closure1.call(VerifyElementTextKeyword.groovy)\r\n\tat com.kms.katalon.core.webui.keyword.internal.WebUIKeywordMain.runKeyword(WebUIKeywordMain.groovy:20)\r\n\tat com.kms.katalon.core.webui.keyword.builtin.VerifyElementTextKeyword.verifyElementText(VerifyElementTextKeyword.groovy:72)\r\n\tat com.kms.katalon.core.webui.keyword.builtin.VerifyElementTextKeyword.execute(VerifyElementTextKeyword.groovy:40)\r\n\tat com.kms.katalon.core.keyword.internal.KeywordExecutor.executeKeywordForPlatform(KeywordExecutor.groovy:74)\r\n\tat com.kms.katalon.core.webui.keyword.WebUiBuiltInKeywords.verifyElementText(WebUiBuiltInKeywords.groovy:4749)\r\n\tat com.kms.katalon.core.webui.keyword.WebUiBuiltInKeywords$verifyElementText$6.call(Unknown Source)\r\n\tat FeatureSearchService_StepDef.Verify_I_Get_Location_Service(FeatureSearchService_StepDef.groovy:77)\r\n\tat cucumber.runtime.Utils$1.call(Utils.java:26)\r\n\tat cucumber.runtime.Timeout.timeout(Timeout.java:16)\r\n\tat cucumber.runtime.Utils.invoke(Utils.java:20)\r\n\tat cucumber.runtime.java.JavaStepDefinition.execute(JavaStepDefinition.java:48)\r\n\tat cucumber.runtime.PickleStepDefinitionMatch.runStep(PickleStepDefinitionMatch.java:50)\r\n\tat cucumber.runner.TestStep.executeStep(TestStep.java:68)\r\n\tat cucumber.runner.TestStep.run(TestStep.java:50)\r\n\tat cucumber.runner.PickleStepTestStep.run(PickleStepTestStep.java:53)\r\n\tat cucumber.runner.TestCase.run(TestCase.java:47)\r\n\tat cucumber.runner.Runner.runPickle(Runner.java:44)\r\n\tat cucumber.runtime.Runtime.runFeature(Runtime.java:120)\r\n\tat cucumber.runtime.Runtime.run(Runtime.java:106)\r\n\tat cucumber.api.cli.Main.run(Main.java:35)\r\n\tat cucumber.api.cli.Main$run.call(Unknown Source)\r\n\tat com.kms.katalon.core.cucumber.keyword.CucumberBuiltinKeywords$_runFeatureFile_closure1.doCall(CucumberBuiltinKeywords.groovy:108)\r\n\tat com.kms.katalon.core.cucumber.keyword.CucumberBuiltinKeywords$_runFeatureFile_closure1.doCall(CucumberBuiltinKeywords.groovy)\r\n\tat com.kms.katalon.core.keyword.internal.KeywordMain.runKeyword(KeywordMain.groovy:74)\r\n\tat com.kms.katalon.core.keyword.internal.KeywordMain.runKeyword(KeywordMain.groovy:68)\r\n\tat com.kms.katalon.core.keyword.internal.KeywordMain$runKeyword.call(Unknown Source)\r\n\tat com.kms.katalon.core.cucumber.keyword.CucumberBuiltinKeywords.runFeatureFile(CucumberBuiltinKeywords.groovy:75)\r\n\tat com.kms.katalon.core.cucumber.keyword.CucumberBuiltinKeywords$runFeatureFile$0.callStatic(Unknown Source)\r\n\tat com.kms.katalon.core.cucumber.keyword.CucumberBuiltinKeywords.runFeatureFile(CucumberBuiltinKeywords.groovy:248)\r\n\tat com.kms.katalon.core.cucumber.keyword.CucumberBuiltinKeywords$runFeatureFile.call(Unknown Source)\r\n\tat Run Feature File.run(Run Feature File:20)\r\n\tat com.kms.katalon.core.main.ScriptEngine.run(ScriptEngine.java:194)\r\n\tat com.kms.katalon.core.main.ScriptEngine.runScriptAsRawText(ScriptEngine.java:119)\r\n\tat com.kms.katalon.core.main.TestCaseExecutor.runScript(TestCaseExecutor.java:448)\r\n\tat com.kms.katalon.core.main.TestCaseExecutor.doExecute(TestCaseExecutor.java:439)\r\n\tat com.kms.katalon.core.main.TestCaseExecutor.processExecutionPhase(TestCaseExecutor.java:418)\r\n\tat com.kms.katalon.core.main.TestCaseExecutor.accessMainPhase(TestCaseExecutor.java:410)\r\n\tat com.kms.katalon.core.main.TestCaseExecutor.execute(TestCaseExecutor.java:285)\r\n\tat com.kms.katalon.core.common.CommonExecutor.accessTestCaseMainPhase(CommonExecutor.java:65)\r\n\tat com.kms.katalon.core.main.TestSuiteExecutor.accessTestSuiteMainPhase(TestSuiteExecutor.java:151)\r\n\tat com.kms.katalon.core.main.TestSuiteExecutor.execute(TestSuiteExecutor.java:106)\r\n\tat com.kms.katalon.core.main.TestCaseMain.startTestSuite(TestCaseMain.java:185)\r\n\tat com.kms.katalon.core.main.TestCaseMain$startTestSuite$0.call(Unknown Source)\r\n\tat TempTestSuite1672899178104.run(TempTestSuite1672899178104.groovy:36)\r\n",
              "duration": 2337800400,
              "status": "failed"
            },
            "line": 12,
            "name": "Verify I Get Location Service Named as \u0027Marrickville Service Centre\u0027",
            "match": {
              "location": "FeatureSearchService_StepDef.Verify_I_Get_Location_Service()"
            },
            "keyword": "Then "
          }
        ],
        "tags": [
          {
            "name": "@Positive"
          }
        ]
      },
      {
        "line": 5,
        "name": "Open browser Service Centre page",
        "description": "",
        "type": "background",
        "keyword": "Background",
        "steps": [
          {
            "result": {
              "duration": 25100595900,
              "status": "passed"
            },
            "line": 6,
            "name": "I Open Browser Service Centre page",
            "match": {
              "location": "FeatureSearchService_StepDef.I_Open_Browser_Service_Centre_page()"
            },
            "keyword": "Given "
          }
        ]
      },
      {
        "line": 18,
        "name": "Search Service NSW Location named as \u0027Marrickville Service Centre\u0027 with some suburb data",
        "description": "",
        "id": "search-service-nsw-location;search-service-nsw-location-named-as--marrickville-service-centre--with-some-suburb-data;;4",
        "type": "scenario",
        "keyword": "Scenario Outline",
        "steps": [
          {
            "result": {
              "duration": 1863903600,
              "status": "passed"
            },
            "line": 10,
            "name": "Input some suburb data Sydney University 2006",
            "match": {
              "arguments": [
                {
                  "val": "Sydney University 2006",
                  "offset": 23
                }
              ],
              "location": "FeatureSearchService_StepDef.Input_some_suburb_data(String)"
            },
            "keyword": "When "
          },
          {
            "result": {
              "duration": 1037205500,
              "status": "passed"
            },
            "line": 11,
            "name": "Click Search Location Button",
            "match": {
              "location": "FeatureSearchService_StepDef.Click_Search_Location_Button()"
            },
            "keyword": "And "
          },
          {
            "result": {
              "error_message": "com.kms.katalon.core.exception.StepFailedException: Verify element text of test object \u0027Object Repository/Page/Find Location Page/P_Result_Search_Location\u0027 FAILED.\r\n\tat com.kms.katalon.core.webui.keyword.internal.WebUIKeywordMain.stepFailed(WebUIKeywordMain.groovy:64)\r\n\tat com.kms.katalon.core.webui.keyword.internal.WebUIKeywordMain.runKeyword(WebUIKeywordMain.groovy:26)\r\n\tat com.kms.katalon.core.webui.keyword.builtin.VerifyElementTextKeyword.verifyElementText(VerifyElementTextKeyword.groovy:72)\r\n\tat com.kms.katalon.core.webui.keyword.builtin.VerifyElementTextKeyword.execute(VerifyElementTextKeyword.groovy:40)\r\n\tat com.kms.katalon.core.keyword.internal.KeywordExecutor.executeKeywordForPlatform(KeywordExecutor.groovy:74)\r\n\tat com.kms.katalon.core.webui.keyword.WebUiBuiltInKeywords.verifyElementText(WebUiBuiltInKeywords.groovy:4749)\r\n\tat com.kms.katalon.core.webui.keyword.WebUiBuiltInKeywords$verifyElementText$6.call(Unknown Source)\r\n\tat FeatureSearchService_StepDef.Verify_I_Get_Location_Service(FeatureSearchService_StepDef.groovy:77)\r\n\tat ✽.Verify I Get Location Service Named as \u0027Marrickville Service Centre\u0027(D:/Automation Katalon Studio/Jojonomic_Test_UIAutomation/Include/features/Feature Search Service NSW Location.feature:12)\r\nCaused by: com.kms.katalon.core.exception.StepFailedException: Actual text \u0027Narrabri Service Centre\u0027 and expected text \u0027Marrickville Service Centre\u0027 of test object \u0027Object Repository/Page/Find Location Page/P_Result_Search_Location\u0027 are NOT matched.\r\n\tat com.kms.katalon.core.webui.keyword.internal.WebUIKeywordMain.stepFailed(WebUIKeywordMain.groovy:64)\r\n\tat com.kms.katalon.core.webui.keyword.builtin.VerifyElementTextKeyword$_verifyElementText_closure1.doCall(VerifyElementTextKeyword.groovy:57)\r\n\tat com.kms.katalon.core.webui.keyword.builtin.VerifyElementTextKeyword$_verifyElementText_closure1.call(VerifyElementTextKeyword.groovy)\r\n\tat com.kms.katalon.core.webui.keyword.internal.WebUIKeywordMain.runKeyword(WebUIKeywordMain.groovy:20)\r\n\tat com.kms.katalon.core.webui.keyword.builtin.VerifyElementTextKeyword.verifyElementText(VerifyElementTextKeyword.groovy:72)\r\n\tat com.kms.katalon.core.webui.keyword.builtin.VerifyElementTextKeyword.execute(VerifyElementTextKeyword.groovy:40)\r\n\tat com.kms.katalon.core.keyword.internal.KeywordExecutor.executeKeywordForPlatform(KeywordExecutor.groovy:74)\r\n\tat com.kms.katalon.core.webui.keyword.WebUiBuiltInKeywords.verifyElementText(WebUiBuiltInKeywords.groovy:4749)\r\n\tat com.kms.katalon.core.webui.keyword.WebUiBuiltInKeywords$verifyElementText$6.call(Unknown Source)\r\n\tat FeatureSearchService_StepDef.Verify_I_Get_Location_Service(FeatureSearchService_StepDef.groovy:77)\r\n\tat cucumber.runtime.Utils$1.call(Utils.java:26)\r\n\tat cucumber.runtime.Timeout.timeout(Timeout.java:16)\r\n\tat cucumber.runtime.Utils.invoke(Utils.java:20)\r\n\tat cucumber.runtime.java.JavaStepDefinition.execute(JavaStepDefinition.java:48)\r\n\tat cucumber.runtime.PickleStepDefinitionMatch.runStep(PickleStepDefinitionMatch.java:50)\r\n\tat cucumber.runner.TestStep.executeStep(TestStep.java:68)\r\n\tat cucumber.runner.TestStep.run(TestStep.java:50)\r\n\tat cucumber.runner.PickleStepTestStep.run(PickleStepTestStep.java:53)\r\n\tat cucumber.runner.TestCase.run(TestCase.java:47)\r\n\tat cucumber.runner.Runner.runPickle(Runner.java:44)\r\n\tat cucumber.runtime.Runtime.runFeature(Runtime.java:120)\r\n\tat cucumber.runtime.Runtime.run(Runtime.java:106)\r\n\tat cucumber.api.cli.Main.run(Main.java:35)\r\n\tat cucumber.api.cli.Main$run.call(Unknown Source)\r\n\tat com.kms.katalon.core.cucumber.keyword.CucumberBuiltinKeywords$_runFeatureFile_closure1.doCall(CucumberBuiltinKeywords.groovy:108)\r\n\tat com.kms.katalon.core.cucumber.keyword.CucumberBuiltinKeywords$_runFeatureFile_closure1.doCall(CucumberBuiltinKeywords.groovy)\r\n\tat com.kms.katalon.core.keyword.internal.KeywordMain.runKeyword(KeywordMain.groovy:74)\r\n\tat com.kms.katalon.core.keyword.internal.KeywordMain.runKeyword(KeywordMain.groovy:68)\r\n\tat com.kms.katalon.core.keyword.internal.KeywordMain$runKeyword.call(Unknown Source)\r\n\tat com.kms.katalon.core.cucumber.keyword.CucumberBuiltinKeywords.runFeatureFile(CucumberBuiltinKeywords.groovy:75)\r\n\tat com.kms.katalon.core.cucumber.keyword.CucumberBuiltinKeywords$runFeatureFile$0.callStatic(Unknown Source)\r\n\tat com.kms.katalon.core.cucumber.keyword.CucumberBuiltinKeywords.runFeatureFile(CucumberBuiltinKeywords.groovy:248)\r\n\tat com.kms.katalon.core.cucumber.keyword.CucumberBuiltinKeywords$runFeatureFile.call(Unknown Source)\r\n\tat Run Feature File.run(Run Feature File:20)\r\n\tat com.kms.katalon.core.main.ScriptEngine.run(ScriptEngine.java:194)\r\n\tat com.kms.katalon.core.main.ScriptEngine.runScriptAsRawText(ScriptEngine.java:119)\r\n\tat com.kms.katalon.core.main.TestCaseExecutor.runScript(TestCaseExecutor.java:448)\r\n\tat com.kms.katalon.core.main.TestCaseExecutor.doExecute(TestCaseExecutor.java:439)\r\n\tat com.kms.katalon.core.main.TestCaseExecutor.processExecutionPhase(TestCaseExecutor.java:418)\r\n\tat com.kms.katalon.core.main.TestCaseExecutor.accessMainPhase(TestCaseExecutor.java:410)\r\n\tat com.kms.katalon.core.main.TestCaseExecutor.execute(TestCaseExecutor.java:285)\r\n\tat com.kms.katalon.core.common.CommonExecutor.accessTestCaseMainPhase(CommonExecutor.java:65)\r\n\tat com.kms.katalon.core.main.TestSuiteExecutor.accessTestSuiteMainPhase(TestSuiteExecutor.java:151)\r\n\tat com.kms.katalon.core.main.TestSuiteExecutor.execute(TestSuiteExecutor.java:106)\r\n\tat com.kms.katalon.core.main.TestCaseMain.startTestSuite(TestCaseMain.java:185)\r\n\tat com.kms.katalon.core.main.TestCaseMain$startTestSuite$0.call(Unknown Source)\r\n\tat TempTestSuite1672899178104.run(TempTestSuite1672899178104.groovy:36)\r\n",
              "duration": 2339971500,
              "status": "failed"
            },
            "line": 12,
            "name": "Verify I Get Location Service Named as \u0027Marrickville Service Centre\u0027",
            "match": {
              "location": "FeatureSearchService_StepDef.Verify_I_Get_Location_Service()"
            },
            "keyword": "Then "
          }
        ],
        "tags": [
          {
            "name": "@Positive"
          }
        ]
      },
      {
        "line": 5,
        "name": "Open browser Service Centre page",
        "description": "",
        "type": "background",
        "keyword": "Background",
        "steps": [
          {
            "result": {
              "duration": 23377958200,
              "status": "passed"
            },
            "line": 6,
            "name": "I Open Browser Service Centre page",
            "match": {
              "location": "FeatureSearchService_StepDef.I_Open_Browser_Service_Centre_page()"
            },
            "keyword": "Given "
          }
        ]
      },
      {
        "line": 19,
        "name": "Search Service NSW Location named as \u0027Marrickville Service Centre\u0027 with some suburb data",
        "description": "",
        "id": "search-service-nsw-location;search-service-nsw-location-named-as--marrickville-service-centre--with-some-suburb-data;;5",
        "type": "scenario",
        "keyword": "Scenario Outline",
        "steps": [
          {
            "result": {
              "duration": 4348812500,
              "status": "passed"
            },
            "line": 10,
            "name": "Input some suburb data Sydney Olympic Park 2127",
            "match": {
              "arguments": [
                {
                  "val": "Sydney Olympic Park 2127",
                  "offset": 23
                }
              ],
              "location": "FeatureSearchService_StepDef.Input_some_suburb_data(String)"
            },
            "keyword": "When "
          },
          {
            "result": {
              "duration": 556644000,
              "status": "passed"
            },
            "line": 11,
            "name": "Click Search Location Button",
            "match": {
              "location": "FeatureSearchService_StepDef.Click_Search_Location_Button()"
            },
            "keyword": "And "
          },
          {
            "result": {
              "error_message": "com.kms.katalon.core.exception.StepFailedException: Verify element text of test object \u0027Object Repository/Page/Find Location Page/P_Result_Search_Location\u0027 FAILED.\r\n\tat com.kms.katalon.core.webui.keyword.internal.WebUIKeywordMain.stepFailed(WebUIKeywordMain.groovy:64)\r\n\tat com.kms.katalon.core.webui.keyword.internal.WebUIKeywordMain.runKeyword(WebUIKeywordMain.groovy:26)\r\n\tat com.kms.katalon.core.webui.keyword.builtin.VerifyElementTextKeyword.verifyElementText(VerifyElementTextKeyword.groovy:72)\r\n\tat com.kms.katalon.core.webui.keyword.builtin.VerifyElementTextKeyword.execute(VerifyElementTextKeyword.groovy:40)\r\n\tat com.kms.katalon.core.keyword.internal.KeywordExecutor.executeKeywordForPlatform(KeywordExecutor.groovy:74)\r\n\tat com.kms.katalon.core.webui.keyword.WebUiBuiltInKeywords.verifyElementText(WebUiBuiltInKeywords.groovy:4749)\r\n\tat com.kms.katalon.core.webui.keyword.WebUiBuiltInKeywords$verifyElementText$6.call(Unknown Source)\r\n\tat FeatureSearchService_StepDef.Verify_I_Get_Location_Service(FeatureSearchService_StepDef.groovy:77)\r\n\tat ✽.Verify I Get Location Service Named as \u0027Marrickville Service Centre\u0027(D:/Automation Katalon Studio/Jojonomic_Test_UIAutomation/Include/features/Feature Search Service NSW Location.feature:12)\r\nCaused by: com.kms.katalon.core.exception.StepFailedException: Actual text \u0027Auburn Service Centre\u0027 and expected text \u0027Marrickville Service Centre\u0027 of test object \u0027Object Repository/Page/Find Location Page/P_Result_Search_Location\u0027 are NOT matched.\r\n\tat com.kms.katalon.core.webui.keyword.internal.WebUIKeywordMain.stepFailed(WebUIKeywordMain.groovy:64)\r\n\tat com.kms.katalon.core.webui.keyword.builtin.VerifyElementTextKeyword$_verifyElementText_closure1.doCall(VerifyElementTextKeyword.groovy:57)\r\n\tat com.kms.katalon.core.webui.keyword.builtin.VerifyElementTextKeyword$_verifyElementText_closure1.call(VerifyElementTextKeyword.groovy)\r\n\tat com.kms.katalon.core.webui.keyword.internal.WebUIKeywordMain.runKeyword(WebUIKeywordMain.groovy:20)\r\n\tat com.kms.katalon.core.webui.keyword.builtin.VerifyElementTextKeyword.verifyElementText(VerifyElementTextKeyword.groovy:72)\r\n\tat com.kms.katalon.core.webui.keyword.builtin.VerifyElementTextKeyword.execute(VerifyElementTextKeyword.groovy:40)\r\n\tat com.kms.katalon.core.keyword.internal.KeywordExecutor.executeKeywordForPlatform(KeywordExecutor.groovy:74)\r\n\tat com.kms.katalon.core.webui.keyword.WebUiBuiltInKeywords.verifyElementText(WebUiBuiltInKeywords.groovy:4749)\r\n\tat com.kms.katalon.core.webui.keyword.WebUiBuiltInKeywords$verifyElementText$6.call(Unknown Source)\r\n\tat FeatureSearchService_StepDef.Verify_I_Get_Location_Service(FeatureSearchService_StepDef.groovy:77)\r\n\tat cucumber.runtime.Utils$1.call(Utils.java:26)\r\n\tat cucumber.runtime.Timeout.timeout(Timeout.java:16)\r\n\tat cucumber.runtime.Utils.invoke(Utils.java:20)\r\n\tat cucumber.runtime.java.JavaStepDefinition.execute(JavaStepDefinition.java:48)\r\n\tat cucumber.runtime.PickleStepDefinitionMatch.runStep(PickleStepDefinitionMatch.java:50)\r\n\tat cucumber.runner.TestStep.executeStep(TestStep.java:68)\r\n\tat cucumber.runner.TestStep.run(TestStep.java:50)\r\n\tat cucumber.runner.PickleStepTestStep.run(PickleStepTestStep.java:53)\r\n\tat cucumber.runner.TestCase.run(TestCase.java:47)\r\n\tat cucumber.runner.Runner.runPickle(Runner.java:44)\r\n\tat cucumber.runtime.Runtime.runFeature(Runtime.java:120)\r\n\tat cucumber.runtime.Runtime.run(Runtime.java:106)\r\n\tat cucumber.api.cli.Main.run(Main.java:35)\r\n\tat cucumber.api.cli.Main$run.call(Unknown Source)\r\n\tat com.kms.katalon.core.cucumber.keyword.CucumberBuiltinKeywords$_runFeatureFile_closure1.doCall(CucumberBuiltinKeywords.groovy:108)\r\n\tat com.kms.katalon.core.cucumber.keyword.CucumberBuiltinKeywords$_runFeatureFile_closure1.doCall(CucumberBuiltinKeywords.groovy)\r\n\tat com.kms.katalon.core.keyword.internal.KeywordMain.runKeyword(KeywordMain.groovy:74)\r\n\tat com.kms.katalon.core.keyword.internal.KeywordMain.runKeyword(KeywordMain.groovy:68)\r\n\tat com.kms.katalon.core.keyword.internal.KeywordMain$runKeyword.call(Unknown Source)\r\n\tat com.kms.katalon.core.cucumber.keyword.CucumberBuiltinKeywords.runFeatureFile(CucumberBuiltinKeywords.groovy:75)\r\n\tat com.kms.katalon.core.cucumber.keyword.CucumberBuiltinKeywords$runFeatureFile$0.callStatic(Unknown Source)\r\n\tat com.kms.katalon.core.cucumber.keyword.CucumberBuiltinKeywords.runFeatureFile(CucumberBuiltinKeywords.groovy:248)\r\n\tat com.kms.katalon.core.cucumber.keyword.CucumberBuiltinKeywords$runFeatureFile.call(Unknown Source)\r\n\tat Run Feature File.run(Run Feature File:20)\r\n\tat com.kms.katalon.core.main.ScriptEngine.run(ScriptEngine.java:194)\r\n\tat com.kms.katalon.core.main.ScriptEngine.runScriptAsRawText(ScriptEngine.java:119)\r\n\tat com.kms.katalon.core.main.TestCaseExecutor.runScript(TestCaseExecutor.java:448)\r\n\tat com.kms.katalon.core.main.TestCaseExecutor.doExecute(TestCaseExecutor.java:439)\r\n\tat com.kms.katalon.core.main.TestCaseExecutor.processExecutionPhase(TestCaseExecutor.java:418)\r\n\tat com.kms.katalon.core.main.TestCaseExecutor.accessMainPhase(TestCaseExecutor.java:410)\r\n\tat com.kms.katalon.core.main.TestCaseExecutor.execute(TestCaseExecutor.java:285)\r\n\tat com.kms.katalon.core.common.CommonExecutor.accessTestCaseMainPhase(CommonExecutor.java:65)\r\n\tat com.kms.katalon.core.main.TestSuiteExecutor.accessTestSuiteMainPhase(TestSuiteExecutor.java:151)\r\n\tat com.kms.katalon.core.main.TestSuiteExecutor.execute(TestSuiteExecutor.java:106)\r\n\tat com.kms.katalon.core.main.TestCaseMain.startTestSuite(TestCaseMain.java:185)\r\n\tat com.kms.katalon.core.main.TestCaseMain$startTestSuite$0.call(Unknown Source)\r\n\tat TempTestSuite1672899178104.run(TempTestSuite1672899178104.groovy:36)\r\n",
              "duration": 2284751300,
              "status": "failed"
            },
            "line": 12,
            "name": "Verify I Get Location Service Named as \u0027Marrickville Service Centre\u0027",
            "match": {
              "location": "FeatureSearchService_StepDef.Verify_I_Get_Location_Service()"
            },
            "keyword": "Then "
          }
        ],
        "tags": [
          {
            "name": "@Positive"
          }
        ]
      },
      {
        "line": 5,
        "name": "Open browser Service Centre page",
        "description": "",
        "type": "background",
        "keyword": "Background",
        "steps": [
          {
            "result": {
              "duration": 22569865300,
              "status": "passed"
            },
            "line": 6,
            "name": "I Open Browser Service Centre page",
            "match": {
              "location": "FeatureSearchService_StepDef.I_Open_Browser_Service_Centre_page()"
            },
            "keyword": "Given "
          }
        ]
      },
      {
        "line": 20,
        "name": "Search Service NSW Location named as \u0027Marrickville Service Centre\u0027 with some suburb data",
        "description": "",
        "id": "search-service-nsw-location;search-service-nsw-location-named-as--marrickville-service-centre--with-some-suburb-data;;6",
        "type": "scenario",
        "keyword": "Scenario Outline",
        "steps": [
          {
            "result": {
              "duration": 3017682600,
              "status": "passed"
            },
            "line": 10,
            "name": "Input some suburb data Sydney Domestic Airport 2020",
            "match": {
              "arguments": [
                {
                  "val": "Sydney Domestic Airport 2020",
                  "offset": 23
                }
              ],
              "location": "FeatureSearchService_StepDef.Input_some_suburb_data(String)"
            },
            "keyword": "When "
          },
          {
            "result": {
              "duration": 514872400,
              "status": "passed"
            },
            "line": 11,
            "name": "Click Search Location Button",
            "match": {
              "location": "FeatureSearchService_StepDef.Click_Search_Location_Button()"
            },
            "keyword": "And "
          },
          {
            "result": {
              "duration": 4202221400,
              "status": "passed"
            },
            "line": 12,
            "name": "Verify I Get Location Service Named as \u0027Marrickville Service Centre\u0027",
            "match": {
              "location": "FeatureSearchService_StepDef.Verify_I_Get_Location_Service()"
            },
            "keyword": "Then "
          }
        ],
        "tags": [
          {
            "name": "@Positive"
          }
        ]
      },
      {
        "line": 5,
        "name": "Open browser Service Centre page",
        "description": "",
        "type": "background",
        "keyword": "Background",
        "steps": [
          {
            "result": {
              "duration": 31119995100,
              "status": "passed"
            },
            "line": 6,
            "name": "I Open Browser Service Centre page",
            "match": {
              "location": "FeatureSearchService_StepDef.I_Open_Browser_Service_Centre_page()"
            },
            "keyword": "Given "
          }
        ]
      },
      {
        "line": 21,
        "name": "Search Service NSW Location named as \u0027Marrickville Service Centre\u0027 with some suburb data",
        "description": "",
        "id": "search-service-nsw-location;search-service-nsw-location-named-as--marrickville-service-centre--with-some-suburb-data;;7",
        "type": "scenario",
        "keyword": "Scenario Outline",
        "steps": [
          {
            "result": {
              "duration": 1754517700,
              "status": "passed"
            },
            "line": 10,
            "name": "Input some suburb data Unsw Sydney 2052",
            "match": {
              "arguments": [
                {
                  "val": "Unsw Sydney 2052",
                  "offset": 23
                }
              ],
              "location": "FeatureSearchService_StepDef.Input_some_suburb_data(String)"
            },
            "keyword": "When "
          },
          {
            "result": {
              "duration": 1395013900,
              "status": "passed"
            },
            "line": 11,
            "name": "Click Search Location Button",
            "match": {
              "location": "FeatureSearchService_StepDef.Click_Search_Location_Button()"
            },
            "keyword": "And "
          },
          {
            "result": {
              "error_message": "com.kms.katalon.core.exception.StepFailedException: Verify element text of test object \u0027Object Repository/Page/Find Location Page/P_Result_Search_Location\u0027 FAILED.\r\n\tat com.kms.katalon.core.webui.keyword.internal.WebUIKeywordMain.stepFailed(WebUIKeywordMain.groovy:64)\r\n\tat com.kms.katalon.core.webui.keyword.internal.WebUIKeywordMain.runKeyword(WebUIKeywordMain.groovy:26)\r\n\tat com.kms.katalon.core.webui.keyword.builtin.VerifyElementTextKeyword.verifyElementText(VerifyElementTextKeyword.groovy:72)\r\n\tat com.kms.katalon.core.webui.keyword.builtin.VerifyElementTextKeyword.execute(VerifyElementTextKeyword.groovy:40)\r\n\tat com.kms.katalon.core.keyword.internal.KeywordExecutor.executeKeywordForPlatform(KeywordExecutor.groovy:74)\r\n\tat com.kms.katalon.core.webui.keyword.WebUiBuiltInKeywords.verifyElementText(WebUiBuiltInKeywords.groovy:4749)\r\n\tat com.kms.katalon.core.webui.keyword.WebUiBuiltInKeywords$verifyElementText$6.call(Unknown Source)\r\n\tat FeatureSearchService_StepDef.Verify_I_Get_Location_Service(FeatureSearchService_StepDef.groovy:77)\r\n\tat ✽.Verify I Get Location Service Named as \u0027Marrickville Service Centre\u0027(D:/Automation Katalon Studio/Jojonomic_Test_UIAutomation/Include/features/Feature Search Service NSW Location.feature:12)\r\nCaused by: com.kms.katalon.core.exception.StepFailedException: Actual text \u0027Haymarket Service Centre\u0027 and expected text \u0027Marrickville Service Centre\u0027 of test object \u0027Object Repository/Page/Find Location Page/P_Result_Search_Location\u0027 are NOT matched.\r\n\tat com.kms.katalon.core.webui.keyword.internal.WebUIKeywordMain.stepFailed(WebUIKeywordMain.groovy:64)\r\n\tat com.kms.katalon.core.webui.keyword.builtin.VerifyElementTextKeyword$_verifyElementText_closure1.doCall(VerifyElementTextKeyword.groovy:57)\r\n\tat com.kms.katalon.core.webui.keyword.builtin.VerifyElementTextKeyword$_verifyElementText_closure1.call(VerifyElementTextKeyword.groovy)\r\n\tat com.kms.katalon.core.webui.keyword.internal.WebUIKeywordMain.runKeyword(WebUIKeywordMain.groovy:20)\r\n\tat com.kms.katalon.core.webui.keyword.builtin.VerifyElementTextKeyword.verifyElementText(VerifyElementTextKeyword.groovy:72)\r\n\tat com.kms.katalon.core.webui.keyword.builtin.VerifyElementTextKeyword.execute(VerifyElementTextKeyword.groovy:40)\r\n\tat com.kms.katalon.core.keyword.internal.KeywordExecutor.executeKeywordForPlatform(KeywordExecutor.groovy:74)\r\n\tat com.kms.katalon.core.webui.keyword.WebUiBuiltInKeywords.verifyElementText(WebUiBuiltInKeywords.groovy:4749)\r\n\tat com.kms.katalon.core.webui.keyword.WebUiBuiltInKeywords$verifyElementText$6.call(Unknown Source)\r\n\tat FeatureSearchService_StepDef.Verify_I_Get_Location_Service(FeatureSearchService_StepDef.groovy:77)\r\n\tat cucumber.runtime.Utils$1.call(Utils.java:26)\r\n\tat cucumber.runtime.Timeout.timeout(Timeout.java:16)\r\n\tat cucumber.runtime.Utils.invoke(Utils.java:20)\r\n\tat cucumber.runtime.java.JavaStepDefinition.execute(JavaStepDefinition.java:48)\r\n\tat cucumber.runtime.PickleStepDefinitionMatch.runStep(PickleStepDefinitionMatch.java:50)\r\n\tat cucumber.runner.TestStep.executeStep(TestStep.java:68)\r\n\tat cucumber.runner.TestStep.run(TestStep.java:50)\r\n\tat cucumber.runner.PickleStepTestStep.run(PickleStepTestStep.java:53)\r\n\tat cucumber.runner.TestCase.run(TestCase.java:47)\r\n\tat cucumber.runner.Runner.runPickle(Runner.java:44)\r\n\tat cucumber.runtime.Runtime.runFeature(Runtime.java:120)\r\n\tat cucumber.runtime.Runtime.run(Runtime.java:106)\r\n\tat cucumber.api.cli.Main.run(Main.java:35)\r\n\tat cucumber.api.cli.Main$run.call(Unknown Source)\r\n\tat com.kms.katalon.core.cucumber.keyword.CucumberBuiltinKeywords$_runFeatureFile_closure1.doCall(CucumberBuiltinKeywords.groovy:108)\r\n\tat com.kms.katalon.core.cucumber.keyword.CucumberBuiltinKeywords$_runFeatureFile_closure1.doCall(CucumberBuiltinKeywords.groovy)\r\n\tat com.kms.katalon.core.keyword.internal.KeywordMain.runKeyword(KeywordMain.groovy:74)\r\n\tat com.kms.katalon.core.keyword.internal.KeywordMain.runKeyword(KeywordMain.groovy:68)\r\n\tat com.kms.katalon.core.keyword.internal.KeywordMain$runKeyword.call(Unknown Source)\r\n\tat com.kms.katalon.core.cucumber.keyword.CucumberBuiltinKeywords.runFeatureFile(CucumberBuiltinKeywords.groovy:75)\r\n\tat com.kms.katalon.core.cucumber.keyword.CucumberBuiltinKeywords$runFeatureFile$0.callStatic(Unknown Source)\r\n\tat com.kms.katalon.core.cucumber.keyword.CucumberBuiltinKeywords.runFeatureFile(CucumberBuiltinKeywords.groovy:248)\r\n\tat com.kms.katalon.core.cucumber.keyword.CucumberBuiltinKeywords$runFeatureFile.call(Unknown Source)\r\n\tat Run Feature File.run(Run Feature File:20)\r\n\tat com.kms.katalon.core.main.ScriptEngine.run(ScriptEngine.java:194)\r\n\tat com.kms.katalon.core.main.ScriptEngine.runScriptAsRawText(ScriptEngine.java:119)\r\n\tat com.kms.katalon.core.main.TestCaseExecutor.runScript(TestCaseExecutor.java:448)\r\n\tat com.kms.katalon.core.main.TestCaseExecutor.doExecute(TestCaseExecutor.java:439)\r\n\tat com.kms.katalon.core.main.TestCaseExecutor.processExecutionPhase(TestCaseExecutor.java:418)\r\n\tat com.kms.katalon.core.main.TestCaseExecutor.accessMainPhase(TestCaseExecutor.java:410)\r\n\tat com.kms.katalon.core.main.TestCaseExecutor.execute(TestCaseExecutor.java:285)\r\n\tat com.kms.katalon.core.common.CommonExecutor.accessTestCaseMainPhase(CommonExecutor.java:65)\r\n\tat com.kms.katalon.core.main.TestSuiteExecutor.accessTestSuiteMainPhase(TestSuiteExecutor.java:151)\r\n\tat com.kms.katalon.core.main.TestSuiteExecutor.execute(TestSuiteExecutor.java:106)\r\n\tat com.kms.katalon.core.main.TestCaseMain.startTestSuite(TestCaseMain.java:185)\r\n\tat com.kms.katalon.core.main.TestCaseMain$startTestSuite$0.call(Unknown Source)\r\n\tat TempTestSuite1672899178104.run(TempTestSuite1672899178104.groovy:36)\r\n",
              "duration": 2412330200,
              "status": "failed"
            },
            "line": 12,
            "name": "Verify I Get Location Service Named as \u0027Marrickville Service Centre\u0027",
            "match": {
              "location": "FeatureSearchService_StepDef.Verify_I_Get_Location_Service()"
            },
            "keyword": "Then "
          }
        ],
        "tags": [
          {
            "name": "@Positive"
          }
        ]
      },
      {
        "line": 5,
        "name": "Open browser Service Centre page",
        "description": "",
        "type": "background",
        "keyword": "Background",
        "steps": [
          {
            "result": {
              "duration": 20418176300,
              "status": "passed"
            },
            "line": 6,
            "name": "I Open Browser Service Centre page",
            "match": {
              "location": "FeatureSearchService_StepDef.I_Open_Browser_Service_Centre_page()"
            },
            "keyword": "Given "
          }
        ]
      },
      {
        "line": 22,
        "name": "Search Service NSW Location named as \u0027Marrickville Service Centre\u0027 with some suburb data",
        "description": "",
        "id": "search-service-nsw-location;search-service-nsw-location-named-as--marrickville-service-centre--with-some-suburb-data;;8",
        "type": "scenario",
        "keyword": "Scenario Outline",
        "steps": [
          {
            "result": {
              "duration": 1480277600,
              "status": "passed"
            },
            "line": 10,
            "name": "Input some suburb data North Sydney 2060",
            "match": {
              "arguments": [
                {
                  "val": "North Sydney 2060",
                  "offset": 23
                }
              ],
              "location": "FeatureSearchService_StepDef.Input_some_suburb_data(String)"
            },
            "keyword": "When "
          },
          {
            "result": {
              "duration": 959977000,
              "status": "passed"
            },
            "line": 11,
            "name": "Click Search Location Button",
            "match": {
              "location": "FeatureSearchService_StepDef.Click_Search_Location_Button()"
            },
            "keyword": "And "
          },
          {
            "result": {
              "error_message": "com.kms.katalon.core.exception.StepFailedException: Verify element text of test object \u0027Object Repository/Page/Find Location Page/P_Result_Search_Location\u0027 FAILED.\r\n\tat com.kms.katalon.core.webui.keyword.internal.WebUIKeywordMain.stepFailed(WebUIKeywordMain.groovy:64)\r\n\tat com.kms.katalon.core.webui.keyword.internal.WebUIKeywordMain.runKeyword(WebUIKeywordMain.groovy:26)\r\n\tat com.kms.katalon.core.webui.keyword.builtin.VerifyElementTextKeyword.verifyElementText(VerifyElementTextKeyword.groovy:72)\r\n\tat com.kms.katalon.core.webui.keyword.builtin.VerifyElementTextKeyword.execute(VerifyElementTextKeyword.groovy:40)\r\n\tat com.kms.katalon.core.keyword.internal.KeywordExecutor.executeKeywordForPlatform(KeywordExecutor.groovy:74)\r\n\tat com.kms.katalon.core.webui.keyword.WebUiBuiltInKeywords.verifyElementText(WebUiBuiltInKeywords.groovy:4749)\r\n\tat com.kms.katalon.core.webui.keyword.WebUiBuiltInKeywords$verifyElementText$6.call(Unknown Source)\r\n\tat FeatureSearchService_StepDef.Verify_I_Get_Location_Service(FeatureSearchService_StepDef.groovy:77)\r\n\tat ✽.Verify I Get Location Service Named as \u0027Marrickville Service Centre\u0027(D:/Automation Katalon Studio/Jojonomic_Test_UIAutomation/Include/features/Feature Search Service NSW Location.feature:12)\r\nCaused by: com.kms.katalon.core.exception.StepFailedException: Actual text \u0027North Sydney Service Centre\u0027 and expected text \u0027Marrickville Service Centre\u0027 of test object \u0027Object Repository/Page/Find Location Page/P_Result_Search_Location\u0027 are NOT matched.\r\n\tat com.kms.katalon.core.webui.keyword.internal.WebUIKeywordMain.stepFailed(WebUIKeywordMain.groovy:64)\r\n\tat com.kms.katalon.core.webui.keyword.builtin.VerifyElementTextKeyword$_verifyElementText_closure1.doCall(VerifyElementTextKeyword.groovy:57)\r\n\tat com.kms.katalon.core.webui.keyword.builtin.VerifyElementTextKeyword$_verifyElementText_closure1.call(VerifyElementTextKeyword.groovy)\r\n\tat com.kms.katalon.core.webui.keyword.internal.WebUIKeywordMain.runKeyword(WebUIKeywordMain.groovy:20)\r\n\tat com.kms.katalon.core.webui.keyword.builtin.VerifyElementTextKeyword.verifyElementText(VerifyElementTextKeyword.groovy:72)\r\n\tat com.kms.katalon.core.webui.keyword.builtin.VerifyElementTextKeyword.execute(VerifyElementTextKeyword.groovy:40)\r\n\tat com.kms.katalon.core.keyword.internal.KeywordExecutor.executeKeywordForPlatform(KeywordExecutor.groovy:74)\r\n\tat com.kms.katalon.core.webui.keyword.WebUiBuiltInKeywords.verifyElementText(WebUiBuiltInKeywords.groovy:4749)\r\n\tat com.kms.katalon.core.webui.keyword.WebUiBuiltInKeywords$verifyElementText$6.call(Unknown Source)\r\n\tat FeatureSearchService_StepDef.Verify_I_Get_Location_Service(FeatureSearchService_StepDef.groovy:77)\r\n\tat cucumber.runtime.Utils$1.call(Utils.java:26)\r\n\tat cucumber.runtime.Timeout.timeout(Timeout.java:16)\r\n\tat cucumber.runtime.Utils.invoke(Utils.java:20)\r\n\tat cucumber.runtime.java.JavaStepDefinition.execute(JavaStepDefinition.java:48)\r\n\tat cucumber.runtime.PickleStepDefinitionMatch.runStep(PickleStepDefinitionMatch.java:50)\r\n\tat cucumber.runner.TestStep.executeStep(TestStep.java:68)\r\n\tat cucumber.runner.TestStep.run(TestStep.java:50)\r\n\tat cucumber.runner.PickleStepTestStep.run(PickleStepTestStep.java:53)\r\n\tat cucumber.runner.TestCase.run(TestCase.java:47)\r\n\tat cucumber.runner.Runner.runPickle(Runner.java:44)\r\n\tat cucumber.runtime.Runtime.runFeature(Runtime.java:120)\r\n\tat cucumber.runtime.Runtime.run(Runtime.java:106)\r\n\tat cucumber.api.cli.Main.run(Main.java:35)\r\n\tat cucumber.api.cli.Main$run.call(Unknown Source)\r\n\tat com.kms.katalon.core.cucumber.keyword.CucumberBuiltinKeywords$_runFeatureFile_closure1.doCall(CucumberBuiltinKeywords.groovy:108)\r\n\tat com.kms.katalon.core.cucumber.keyword.CucumberBuiltinKeywords$_runFeatureFile_closure1.doCall(CucumberBuiltinKeywords.groovy)\r\n\tat com.kms.katalon.core.keyword.internal.KeywordMain.runKeyword(KeywordMain.groovy:74)\r\n\tat com.kms.katalon.core.keyword.internal.KeywordMain.runKeyword(KeywordMain.groovy:68)\r\n\tat com.kms.katalon.core.keyword.internal.KeywordMain$runKeyword.call(Unknown Source)\r\n\tat com.kms.katalon.core.cucumber.keyword.CucumberBuiltinKeywords.runFeatureFile(CucumberBuiltinKeywords.groovy:75)\r\n\tat com.kms.katalon.core.cucumber.keyword.CucumberBuiltinKeywords$runFeatureFile$0.callStatic(Unknown Source)\r\n\tat com.kms.katalon.core.cucumber.keyword.CucumberBuiltinKeywords.runFeatureFile(CucumberBuiltinKeywords.groovy:248)\r\n\tat com.kms.katalon.core.cucumber.keyword.CucumberBuiltinKeywords$runFeatureFile.call(Unknown Source)\r\n\tat Run Feature File.run(Run Feature File:20)\r\n\tat com.kms.katalon.core.main.ScriptEngine.run(ScriptEngine.java:194)\r\n\tat com.kms.katalon.core.main.ScriptEngine.runScriptAsRawText(ScriptEngine.java:119)\r\n\tat com.kms.katalon.core.main.TestCaseExecutor.runScript(TestCaseExecutor.java:448)\r\n\tat com.kms.katalon.core.main.TestCaseExecutor.doExecute(TestCaseExecutor.java:439)\r\n\tat com.kms.katalon.core.main.TestCaseExecutor.processExecutionPhase(TestCaseExecutor.java:418)\r\n\tat com.kms.katalon.core.main.TestCaseExecutor.accessMainPhase(TestCaseExecutor.java:410)\r\n\tat com.kms.katalon.core.main.TestCaseExecutor.execute(TestCaseExecutor.java:285)\r\n\tat com.kms.katalon.core.common.CommonExecutor.accessTestCaseMainPhase(CommonExecutor.java:65)\r\n\tat com.kms.katalon.core.main.TestSuiteExecutor.accessTestSuiteMainPhase(TestSuiteExecutor.java:151)\r\n\tat com.kms.katalon.core.main.TestSuiteExecutor.execute(TestSuiteExecutor.java:106)\r\n\tat com.kms.katalon.core.main.TestCaseMain.startTestSuite(TestCaseMain.java:185)\r\n\tat com.kms.katalon.core.main.TestCaseMain$startTestSuite$0.call(Unknown Source)\r\n\tat TempTestSuite1672899178104.run(TempTestSuite1672899178104.groovy:36)\r\n",
              "duration": 2383170400,
              "status": "failed"
            },
            "line": 12,
            "name": "Verify I Get Location Service Named as \u0027Marrickville Service Centre\u0027",
            "match": {
              "location": "FeatureSearchService_StepDef.Verify_I_Get_Location_Service()"
            },
            "keyword": "Then "
          }
        ],
        "tags": [
          {
            "name": "@Positive"
          }
        ]
      },
      {
        "line": 5,
        "name": "Open browser Service Centre page",
        "description": "",
        "type": "background",
        "keyword": "Background",
        "steps": [
          {
            "result": {
              "duration": 21430195500,
              "status": "passed"
            },
            "line": 6,
            "name": "I Open Browser Service Centre page",
            "match": {
              "location": "FeatureSearchService_StepDef.I_Open_Browser_Service_Centre_page()"
            },
            "keyword": "Given "
          }
        ]
      },
      {
        "line": 23,
        "name": "Search Service NSW Location named as \u0027Marrickville Service Centre\u0027 with some suburb data",
        "description": "",
        "id": "search-service-nsw-location;search-service-nsw-location-named-as--marrickville-service-centre--with-some-suburb-data;;9",
        "type": "scenario",
        "keyword": "Scenario Outline",
        "steps": [
          {
            "result": {
              "duration": 1499875900,
              "status": "passed"
            },
            "line": 10,
            "name": "Input some suburb data The University Of Sydney 2006",
            "match": {
              "arguments": [
                {
                  "val": "The University Of Sydney 2006",
                  "offset": 23
                }
              ],
              "location": "FeatureSearchService_StepDef.Input_some_suburb_data(String)"
            },
            "keyword": "When "
          },
          {
            "result": {
              "duration": 895764000,
              "status": "passed"
            },
            "line": 11,
            "name": "Click Search Location Button",
            "match": {
              "location": "FeatureSearchService_StepDef.Click_Search_Location_Button()"
            },
            "keyword": "And "
          },
          {
            "result": {
              "error_message": "com.kms.katalon.core.exception.StepFailedException: Verify element text of test object \u0027Object Repository/Page/Find Location Page/P_Result_Search_Location\u0027 FAILED.\r\n\tat com.kms.katalon.core.webui.keyword.internal.WebUIKeywordMain.stepFailed(WebUIKeywordMain.groovy:64)\r\n\tat com.kms.katalon.core.webui.keyword.internal.WebUIKeywordMain.runKeyword(WebUIKeywordMain.groovy:26)\r\n\tat com.kms.katalon.core.webui.keyword.builtin.VerifyElementTextKeyword.verifyElementText(VerifyElementTextKeyword.groovy:72)\r\n\tat com.kms.katalon.core.webui.keyword.builtin.VerifyElementTextKeyword.execute(VerifyElementTextKeyword.groovy:40)\r\n\tat com.kms.katalon.core.keyword.internal.KeywordExecutor.executeKeywordForPlatform(KeywordExecutor.groovy:74)\r\n\tat com.kms.katalon.core.webui.keyword.WebUiBuiltInKeywords.verifyElementText(WebUiBuiltInKeywords.groovy:4749)\r\n\tat com.kms.katalon.core.webui.keyword.WebUiBuiltInKeywords$verifyElementText$6.call(Unknown Source)\r\n\tat FeatureSearchService_StepDef.Verify_I_Get_Location_Service(FeatureSearchService_StepDef.groovy:77)\r\n\tat ✽.Verify I Get Location Service Named as \u0027Marrickville Service Centre\u0027(D:/Automation Katalon Studio/Jojonomic_Test_UIAutomation/Include/features/Feature Search Service NSW Location.feature:12)\r\nCaused by: com.kms.katalon.core.exception.StepFailedException: Actual text \u0027Narrabri Service Centre\u0027 and expected text \u0027Marrickville Service Centre\u0027 of test object \u0027Object Repository/Page/Find Location Page/P_Result_Search_Location\u0027 are NOT matched.\r\n\tat com.kms.katalon.core.webui.keyword.internal.WebUIKeywordMain.stepFailed(WebUIKeywordMain.groovy:64)\r\n\tat com.kms.katalon.core.webui.keyword.builtin.VerifyElementTextKeyword$_verifyElementText_closure1.doCall(VerifyElementTextKeyword.groovy:57)\r\n\tat com.kms.katalon.core.webui.keyword.builtin.VerifyElementTextKeyword$_verifyElementText_closure1.call(VerifyElementTextKeyword.groovy)\r\n\tat com.kms.katalon.core.webui.keyword.internal.WebUIKeywordMain.runKeyword(WebUIKeywordMain.groovy:20)\r\n\tat com.kms.katalon.core.webui.keyword.builtin.VerifyElementTextKeyword.verifyElementText(VerifyElementTextKeyword.groovy:72)\r\n\tat com.kms.katalon.core.webui.keyword.builtin.VerifyElementTextKeyword.execute(VerifyElementTextKeyword.groovy:40)\r\n\tat com.kms.katalon.core.keyword.internal.KeywordExecutor.executeKeywordForPlatform(KeywordExecutor.groovy:74)\r\n\tat com.kms.katalon.core.webui.keyword.WebUiBuiltInKeywords.verifyElementText(WebUiBuiltInKeywords.groovy:4749)\r\n\tat com.kms.katalon.core.webui.keyword.WebUiBuiltInKeywords$verifyElementText$6.call(Unknown Source)\r\n\tat FeatureSearchService_StepDef.Verify_I_Get_Location_Service(FeatureSearchService_StepDef.groovy:77)\r\n\tat cucumber.runtime.Utils$1.call(Utils.java:26)\r\n\tat cucumber.runtime.Timeout.timeout(Timeout.java:16)\r\n\tat cucumber.runtime.Utils.invoke(Utils.java:20)\r\n\tat cucumber.runtime.java.JavaStepDefinition.execute(JavaStepDefinition.java:48)\r\n\tat cucumber.runtime.PickleStepDefinitionMatch.runStep(PickleStepDefinitionMatch.java:50)\r\n\tat cucumber.runner.TestStep.executeStep(TestStep.java:68)\r\n\tat cucumber.runner.TestStep.run(TestStep.java:50)\r\n\tat cucumber.runner.PickleStepTestStep.run(PickleStepTestStep.java:53)\r\n\tat cucumber.runner.TestCase.run(TestCase.java:47)\r\n\tat cucumber.runner.Runner.runPickle(Runner.java:44)\r\n\tat cucumber.runtime.Runtime.runFeature(Runtime.java:120)\r\n\tat cucumber.runtime.Runtime.run(Runtime.java:106)\r\n\tat cucumber.api.cli.Main.run(Main.java:35)\r\n\tat cucumber.api.cli.Main$run.call(Unknown Source)\r\n\tat com.kms.katalon.core.cucumber.keyword.CucumberBuiltinKeywords$_runFeatureFile_closure1.doCall(CucumberBuiltinKeywords.groovy:108)\r\n\tat com.kms.katalon.core.cucumber.keyword.CucumberBuiltinKeywords$_runFeatureFile_closure1.doCall(CucumberBuiltinKeywords.groovy)\r\n\tat com.kms.katalon.core.keyword.internal.KeywordMain.runKeyword(KeywordMain.groovy:74)\r\n\tat com.kms.katalon.core.keyword.internal.KeywordMain.runKeyword(KeywordMain.groovy:68)\r\n\tat com.kms.katalon.core.keyword.internal.KeywordMain$runKeyword.call(Unknown Source)\r\n\tat com.kms.katalon.core.cucumber.keyword.CucumberBuiltinKeywords.runFeatureFile(CucumberBuiltinKeywords.groovy:75)\r\n\tat com.kms.katalon.core.cucumber.keyword.CucumberBuiltinKeywords$runFeatureFile$0.callStatic(Unknown Source)\r\n\tat com.kms.katalon.core.cucumber.keyword.CucumberBuiltinKeywords.runFeatureFile(CucumberBuiltinKeywords.groovy:248)\r\n\tat com.kms.katalon.core.cucumber.keyword.CucumberBuiltinKeywords$runFeatureFile.call(Unknown Source)\r\n\tat Run Feature File.run(Run Feature File:20)\r\n\tat com.kms.katalon.core.main.ScriptEngine.run(ScriptEngine.java:194)\r\n\tat com.kms.katalon.core.main.ScriptEngine.runScriptAsRawText(ScriptEngine.java:119)\r\n\tat com.kms.katalon.core.main.TestCaseExecutor.runScript(TestCaseExecutor.java:448)\r\n\tat com.kms.katalon.core.main.TestCaseExecutor.doExecute(TestCaseExecutor.java:439)\r\n\tat com.kms.katalon.core.main.TestCaseExecutor.processExecutionPhase(TestCaseExecutor.java:418)\r\n\tat com.kms.katalon.core.main.TestCaseExecutor.accessMainPhase(TestCaseExecutor.java:410)\r\n\tat com.kms.katalon.core.main.TestCaseExecutor.execute(TestCaseExecutor.java:285)\r\n\tat com.kms.katalon.core.common.CommonExecutor.accessTestCaseMainPhase(CommonExecutor.java:65)\r\n\tat com.kms.katalon.core.main.TestSuiteExecutor.accessTestSuiteMainPhase(TestSuiteExecutor.java:151)\r\n\tat com.kms.katalon.core.main.TestSuiteExecutor.execute(TestSuiteExecutor.java:106)\r\n\tat com.kms.katalon.core.main.TestCaseMain.startTestSuite(TestCaseMain.java:185)\r\n\tat com.kms.katalon.core.main.TestCaseMain$startTestSuite$0.call(Unknown Source)\r\n\tat TempTestSuite1672899178104.run(TempTestSuite1672899178104.groovy:36)\r\n",
              "duration": 1959659200,
              "status": "failed"
            },
            "line": 12,
            "name": "Verify I Get Location Service Named as \u0027Marrickville Service Centre\u0027",
            "match": {
              "location": "FeatureSearchService_StepDef.Verify_I_Get_Location_Service()"
            },
            "keyword": "Then "
          }
        ],
        "tags": [
          {
            "name": "@Positive"
          }
        ]
      },
      {
        "line": 5,
        "name": "Open browser Service Centre page",
        "description": "",
        "type": "background",
        "keyword": "Background",
        "steps": [
          {
            "result": {
              "duration": 19522494400,
              "status": "passed"
            },
            "line": 6,
            "name": "I Open Browser Service Centre page",
            "match": {
              "location": "FeatureSearchService_StepDef.I_Open_Browser_Service_Centre_page()"
            },
            "keyword": "Given "
          }
        ]
      },
      {
        "line": 33,
        "name": "Search Find Service NSW location using invalid Suburb",
        "description": "",
        "id": "search-service-nsw-location;search-find-service-nsw-location-using-invalid-suburb;;2",
        "type": "scenario",
        "keyword": "Scenario Outline",
        "steps": [
          {
            "result": {
              "duration": 2086635200,
              "status": "passed"
            },
            "line": 27,
            "name": "Input Invalid suburb data Jakarta 2000",
            "match": {
              "arguments": [
                {
                  "val": "Jakarta 2000",
                  "offset": 26
                }
              ],
              "location": "FeatureSearchService_StepDef.Input_Invalid_suburb_data(String)"
            },
            "keyword": "When "
          },
          {
            "result": {
              "duration": 505556000,
              "status": "passed"
            },
            "line": 28,
            "name": "Click Search Location Button",
            "match": {
              "location": "FeatureSearchService_StepDef.Click_Search_Location_Button()"
            },
            "keyword": "And "
          },
          {
            "result": {
              "duration": 909000600,
              "status": "passed"
            },
            "line": 29,
            "name": "Verify I Get Error Message \u0027We couldn\u0027t find that suburb or postcode.\u0027",
            "match": {
              "location": "FeatureSearchService_StepDef.Verify_I_Get_Error_Message()"
            },
            "keyword": "Then "
          }
        ],
        "tags": [
          {
            "name": "@Negative"
          }
        ]
      }
    ],
    "name": "Search Service NSW Location",
    "description": "  I want to Search Service NSW Location",
    "id": "search-service-nsw-location",
    "keyword": "Feature",
    "uri": "D:/Automation Katalon Studio/Jojonomic_Test_UIAutomation/Include/features/Feature Search Service NSW Location.feature",
    "tags": []
  }
]